<?xml version="1.0" encoding="UTF-8"?>
<testsuite xmlns:xsi="http://www.w3.org/2001/XMLSchema-instance" xsi:noNamespaceSchemaLocation="https://maven.apache.org/surefire/maven-failsafe-plugin/xsd/failsafe-test-report-3.0.xsd" version="3.0" name="User Login" time="20.767" tests="2" errors="0" skipped="0" failures="0">
  <properties>
[...]
</properties>
  <testcase name="Login with valid username &amp; password" classname="User Login" time="10.884">
    <system-out><![CDATA[
@Login @Valid
Scenario: Login with valid username & password           &amp#27;[90m# src/test/resources/features/login.feature:10&amp#27;[0m
  &amp#27;[32mGiven &amp#27;[0m&amp#27;[32muser is on the login page&amp#27;[0m                        &amp#27;[90m# cucumberSteps.LoginSteps.userIsOnTheLoginPage()&amp#27;[0m
  &amp#27;[32mWhen &amp#27;[0m&amp#27;[32muser enters a valid username&amp#27;[0m                      &amp#27;[90m# cucumberSteps.LoginSteps.userEntersAValidUsername()&amp#27;[0m
  &amp#27;[32mAnd &amp#27;[0m&amp#27;[32muser enters a valid password&amp#27;[0m                       &amp#27;[90m# cucumberSteps.LoginSteps.userEntersAValidPassword()&amp#27;[0m
  &amp#27;[32mAnd &amp#27;[0m&amp#27;[32mclicks the Login button&amp#27;[0m                            &amp#27;[90m# cucumberSteps.LoginSteps.clicksTheLoginButton()&amp#27;[0m
  &amp#27;[32mThen &amp#27;[0m&amp#27;[32muser should be redirected to the &amp#27;[0m&amp#27;[32m&amp#27;[1m"dashboard"&amp#27;[0m&amp#27;[32m page&amp#27;[0m &amp#27;[90m# cucumberSteps.LoginSteps.userShouldBeRedirectedToTheDashboardPage(java.lang.String)&amp#27;[0m
]]></system-out>
    <system-err><![CDATA[[pool-3-thread-1] INFO  - 
  _____   ___   ___   _____     ___   _____     _     ___   _____   ___   ___  
 |_   _| | __| / __| |_   _|   / __| |_   _|   /_\   | _ \ |_   _| | __| |   \ 
   | |   | _|  \__ \   | |     \__ \   | |    / _ \  |   /   | |   | _|  | |) |
   |_|   |___| |___/   |_|     |___/   |_|   /_/ \_\ |_|_\   |_|   |___| |___/ 

Login with valid username & password(user-login;login-with-valid-username-&-password)
--------------------------------------------------------------------------------
[pool-3-thread-1] WARN net.serenitybdd.model.buildinfo.PropertyBasedDriverCapabilityRecord - Failed to store browser configuration for {goog:chromeOptions={args=[test-type, ignore-certificate-errors, disable-notifications, window-size=1920,1080, incognito, disable-infobars, disable-gpu, disable-default-apps, test-type, ignore-certificate-errors, disable-notifications, window-size=1920,1080, incognito, disable-infobars, disable-gpu, disable-default-apps, remote-allow-origins=*], detach=false, extensions=[], localState={cart-contents=[1, 2, 3]}}, acceptInsecureCerts=false, timeouts={pageLoad=50000, script=20000}, browserName=chrome, unhandledPromptBehavior=accept, moz:firefoxOptions={args=[--test-type, --ignore-certificate-errors, --disable-notifications, --window-size=1920,1080, --private, --disable-infobars, --disable-gpu, --disable-default-apps, --disable-popup-blocking], log={level=info}, prefs={javascript.options.showInConsole=true}}, ms:edgeOptions={args=[test-type, ignore-certificate-errors, window-size=1920,1080, inprivate, disable-infobars, disable-gpu, disable-default-apps]}}
[pool-3-thread-1] INFO net.serenitybdd.core.webdriver.driverproviders.ChromeDriverProvider - Starting Chrome driver instance with capabilities:
[pool-3-thread-1] INFO net.serenitybdd.core.webdriver.driverproviders.ChromeDriverProvider - Capabilities {acceptInsecureCerts: false, browserName: chrome, goog:chromeOptions: {args: [test-type, ignore-certificate-errors, disable-notifications, window-size=1920,1080, incognito, disable-infobars, disable-gpu, disable-default-apps, test-type, ignore-certificate-errors, disable-notifications, window-size=1920,1080, incognito, disable-infobars, disable-gpu, disable-default-apps, remote-allow-origins=*], detach: false, extensions: [], localState: {cart-contents: [1, 2, 3]}}, moz:firefoxOptions: {args: [--test-type, --ignore-certificate-errors, --disable-notifications, --window-size=1920,1080, --private, --disable-infobars, --disable-gpu, --disable-default-apps, --disable-popup-blocking], log: {level: info}, prefs: {javascript.options.showInConsole: true}}, ms:edgeOptions: {args: [test-type, ignore-certificate-errors, window-size=1920,1080, inprivate, disable-infobars, disable-gpu, disable-default-apps]}, timeouts: {pageLoad: 50000, script: 20000}, unhandledPromptBehavior: accept}
Oct 04, 2023 5:08:46 PM org.openqa.selenium.manager.SeleniumManager lambda$runCommand$1
INFO: Driver path: C:\Users\1556\.cache\selenium\chromedriver\win64\117.0.5938.92\chromedriver.exe
Oct 04, 2023 5:08:46 PM org.openqa.selenium.manager.SeleniumManager lambda$runCommand$1
INFO: Browser path: C:\Program Files\Google\Chrome\Application\chrome.exe
Oct 04, 2023 5:08:48 PM org.openqa.selenium.devtools.CdpVersionFinder findNearestMatch
WARNING: Unable to find an exact match for CDP version 117, so returning the closest version found: 116
[AsyncHttpClient-1-4] WARN org.asynchttpclient.netty.handler.WebSocketHandler - onError
java.net.SocketException: Connection reset
	at java.base/sun.nio.ch.SocketChannelImpl.throwConnectionReset(SocketChannelImpl.java:394)
	at java.base/sun.nio.ch.SocketChannelImpl.read(SocketChannelImpl.java:426)
	at io.netty.buffer.PooledByteBuf.setBytes(PooledByteBuf.java:254)
	at io.netty.buffer.AbstractByteBuf.writeBytes(AbstractByteBuf.java:1132)
	at io.netty.channel.socket.nio.NioSocketChannel.doReadBytes(NioSocketChannel.java:357)
	at io.netty.channel.nio.AbstractNioByteChannel$NioByteUnsafe.read(AbstractNioByteChannel.java:151)
	at io.netty.channel.nio.NioEventLoop.processSelectedKey(NioEventLoop.java:788)
	at io.netty.channel.nio.NioEventLoop.processSelectedKeysOptimized(NioEventLoop.java:724)
	at io.netty.channel.nio.NioEventLoop.processSelectedKeys(NioEventLoop.java:650)
	at io.netty.channel.nio.NioEventLoop.run(NioEventLoop.java:562)
	at io.netty.util.concurrent.SingleThreadEventExecutor$4.run(SingleThreadEventExecutor.java:997)
	at io.netty.util.internal.ThreadExecutorMap$2.run(ThreadExecutorMap.java:74)
	at io.netty.util.concurrent.FastThreadLocalRunnable.run(FastThreadLocalRunnable.java:30)
	at java.base/java.lang.Thread.run(Thread.java:833)
Oct 04, 2023 5:08:56 PM org.openqa.selenium.remote.http.WebSocket$Listener onError
WARNING: Connection reset
java.net.SocketException: Connection reset
	at java.base/sun.nio.ch.SocketChannelImpl.throwConnectionReset(SocketChannelImpl.java:394)
	at java.base/sun.nio.ch.SocketChannelImpl.read(SocketChannelImpl.java:426)
	at io.netty.buffer.PooledByteBuf.setBytes(PooledByteBuf.java:254)
	at io.netty.buffer.AbstractByteBuf.writeBytes(AbstractByteBuf.java:1132)
	at io.netty.channel.socket.nio.NioSocketChannel.doReadBytes(NioSocketChannel.java:357)
	at io.netty.channel.nio.AbstractNioByteChannel$NioByteUnsafe.read(AbstractNioByteChannel.java:151)
	at io.netty.channel.nio.NioEventLoop.processSelectedKey(NioEventLoop.java:788)
	at io.netty.channel.nio.NioEventLoop.processSelectedKeysOptimized(NioEventLoop.java:724)
	at io.netty.channel.nio.NioEventLoop.processSelectedKeys(NioEventLoop.java:650)
	at io.netty.channel.nio.NioEventLoop.run(NioEventLoop.java:562)
	at io.netty.util.concurrent.SingleThreadEventExecutor$4.run(SingleThreadEventExecutor.java:997)
	at io.netty.util.internal.ThreadExecutorMap$2.run(ThreadExecutorMap.java:74)
	at io.netty.util.concurrent.FastThreadLocalRunnable.run(FastThreadLocalRunnable.java:30)
	at java.base/java.lang.Thread.run(Thread.java:833)

[pool-3-thread-1] INFO  - 
  _____   ___   ___   _____     ___     _     ___   ___   ___   ___  
 |_   _| | __| / __| |_   _|   | _ \   /_\   / __| / __| | __| |   \ 
   | |   | _|  \__ \   | |     |  _/  / _ \  \__ \ \__ \ | _|  | |) |
   |_|   |___| |___/   |_|     |_|   /_/ \_\ |___/ |___/ |___| |___/ 

Login with valid username & password
----------------------------------------------------------------------
]]></system-err>
  </testcase>
  <testcase name="Login with invalid username &amp; password" classname="User Login" time="9.883">
    <system-out><![CDATA[
@Login @InValid
Scenario: Login with invalid username & password              &amp#27;[90m# src/test/resources/features/login.feature:17&amp#27;[0m
  &amp#27;[32mGiven &amp#27;[0m&amp#27;[32muser is on the login page&amp#27;[0m                             &amp#27;[90m# cucumberSteps.LoginSteps.userIsOnTheLoginPage()&amp#27;[0m
  &amp#27;[32mWhen &amp#27;[0m&amp#27;[32muser enters a invalid username&amp#27;[0m                         &amp#27;[90m# cucumberSteps.LoginSteps.userEntersAInvalidUsername()&amp#27;[0m
  &amp#27;[32mAnd &amp#27;[0m&amp#27;[32muser enters a invalid password&amp#27;[0m                          &amp#27;[90m# cucumberSteps.LoginSteps.userEntersAInvalidPassword()&amp#27;[0m
  &amp#27;[32mAnd &amp#27;[0m&amp#27;[32mclicks the Login button&amp#27;[0m                                 &amp#27;[90m# cucumberSteps.LoginSteps.clicksTheLoginButton()&amp#27;[0m
  &amp#27;[32mThen &amp#27;[0m&amp#27;[32muser should see an error message &amp#27;[0m&amp#27;[32m&amp#27;[1m"Invalid credentials"&amp#27;[0m &amp#27;[90m# cucumberSteps.LoginSteps.userShouldSeeAnErrorMessage(java.lang.String)&amp#27;[0m
]]></system-out>
    <system-err><![CDATA[[pool-3-thread-1] INFO  - 
  _____   ___   ___   _____     ___   _____     _     ___   _____   ___   ___  
 |_   _| | __| / __| |_   _|   / __| |_   _|   /_\   | _ \ |_   _| | __| |   \ 
   | |   | _|  \__ \   | |     \__ \   | |    / _ \  |   /   | |   | _|  | |) |
   |_|   |___| |___/   |_|     |___/   |_|   /_/ \_\ |_|_\   |_|   |___| |___/ 

Login with invalid username & password(user-login;login-with-invalid-username-&-password)
--------------------------------------------------------------------------------
[pool-3-thread-1] INFO net.serenitybdd.core.webdriver.driverproviders.ChromeDriverProvider - Starting Chrome driver instance with capabilities:
[pool-3-thread-1] INFO net.serenitybdd.core.webdriver.driverproviders.ChromeDriverProvider - Capabilities {acceptInsecureCerts: false, browserName: chrome, goog:chromeOptions: {args: [test-type, ignore-certificate-errors, disable-notifications, window-size=1920,1080, incognito, disable-infobars, disable-gpu, disable-default-apps, test-type, ignore-certificate-errors, disable-notifications, window-size=1920,1080, incognito, disable-infobars, disable-gpu, disable-default-apps, remote-allow-origins=*], detach: false, extensions: [], localState: {cart-contents: [1, 2, 3]}}, moz:firefoxOptions: {args: [--test-type, --ignore-certificate-errors, --disable-notifications, --window-size=1920,1080, --private, --disable-infobars, --disable-gpu, --disable-default-apps, --disable-popup-blocking], log: {level: info}, prefs: {javascript.options.showInConsole: true}}, ms:edgeOptions: {args: [test-type, ignore-certificate-errors, window-size=1920,1080, inprivate, disable-infobars, disable-gpu, disable-default-apps]}, timeouts: {pageLoad: 50000, script: 20000}, unhandledPromptBehavior: accept}
Oct 04, 2023 5:08:57 PM org.openqa.selenium.manager.SeleniumManager lambda$runCommand$1
INFO: Driver path: C:\Users\1556\.cache\selenium\chromedriver\win64\117.0.5938.92\chromedriver.exe
Oct 04, 2023 5:08:57 PM org.openqa.selenium.manager.SeleniumManager lambda$runCommand$1
INFO: Browser path: C:\Program Files\Google\Chrome\Application\chrome.exe
Oct 04, 2023 5:08:57 PM org.openqa.selenium.devtools.CdpVersionFinder findNearestMatch
WARNING: Unable to find an exact match for CDP version 117, so returning the closest version found: 116
[pool-3-thread-1] INFO  - 
  _____   ___   ___   _____     ___     _     ___   ___   ___   ___  
 |_   _| | __| / __| |_   _|   | _ \   /_\   / __| / __| | __| |   \ 
   | |   | _|  \__ \   | |     |  _/  / _ \  \__ \ \__ \ | _|  | |) |
   |_|   |___| |___/   |_|     |_|   /_/ \_\ |___/ |___/ |___| |___/ 

Login with invalid username & password
----------------------------------------------------------------------
]]></system-err>
  </testcase>
</testsuite>